ARM GAS  /tmp/cc7Jxybo.s 			page 1


   1              		.cpu cortex-m4
   2              		.eabi_attribute 27, 1
   3              		.eabi_attribute 28, 1
   4              		.eabi_attribute 20, 1
   5              		.eabi_attribute 21, 1
   6              		.eabi_attribute 23, 3
   7              		.eabi_attribute 24, 1
   8              		.eabi_attribute 25, 1
   9              		.eabi_attribute 26, 1
  10              		.eabi_attribute 30, 1
  11              		.eabi_attribute 34, 1
  12              		.eabi_attribute 18, 4
  13              		.file	"key.c"
  14              		.text
  15              	.Ltext0:
  16              		.cfi_sections	.debug_frame
  17              		.section	.text.KEY_Init,"ax",%progbits
  18              		.align	1
  19              		.global	KEY_Init
  20              		.arch armv7e-m
  21              		.syntax unified
  22              		.thumb
  23              		.thumb_func
  24              		.fpu fpv4-sp-d16
  26              	KEY_Init:
  27              	.LFB736:
  28              		.file 1 "./Hardware/KEY/key.c"
   1:./Hardware/KEY/key.c **** #include "key.h"
   2:./Hardware/KEY/key.c **** 
   3:./Hardware/KEY/key.c **** //////////////////////////////////////////////////////////////////////////////////	 
   4:./Hardware/KEY/key.c **** //本程序只供学习使用，未经作者许可，不得用于其它任何用途
   5:./Hardware/KEY/key.c **** //ALIENTEK STM32F429开发板
   6:./Hardware/KEY/key.c **** //KEY驱动代码	   
   7:./Hardware/KEY/key.c **** //正点原子@ALIENTEK
   8:./Hardware/KEY/key.c **** //技术论坛:www.openedv.com
   9:./Hardware/KEY/key.c **** //创建日期:2016/1/5
  10:./Hardware/KEY/key.c **** //版本：V1.0
  11:./Hardware/KEY/key.c **** //版权所有，盗版必究。
  12:./Hardware/KEY/key.c **** //Copyright(C) 广州市星翼电子科技有限公司 2014-2024
  13:./Hardware/KEY/key.c **** //All rights reserved									  
  14:./Hardware/KEY/key.c **** //////////////////////////////////////////////////////////////////////////////////
  15:./Hardware/KEY/key.c **** 
  16:./Hardware/KEY/key.c **** //按键初始化函数
  17:./Hardware/KEY/key.c **** void KEY_Init(void)
  18:./Hardware/KEY/key.c **** {
  29              		.loc 1 18 1 view -0
  30              		.cfi_startproc
  31              		@ args = 0, pretend = 0, frame = 32
  32              		@ frame_needed = 0, uses_anonymous_args = 0
  33 0000 70B5     		push	{r4, r5, r6, lr}
  34              	.LCFI0:
  35              		.cfi_def_cfa_offset 16
  36              		.cfi_offset 4, -16
  37              		.cfi_offset 5, -12
  38              		.cfi_offset 6, -8
  39              		.cfi_offset 14, -4
  40 0002 88B0     		sub	sp, sp, #32
ARM GAS  /tmp/cc7Jxybo.s 			page 2


  41              	.LCFI1:
  42              		.cfi_def_cfa_offset 48
  19:./Hardware/KEY/key.c ****     GPIO_InitTypeDef GPIO_Initure;
  43              		.loc 1 19 5 view .LVU1
  20:./Hardware/KEY/key.c ****     
  21:./Hardware/KEY/key.c ****     __HAL_RCC_GPIOA_CLK_ENABLE();           //开启GPIOA时钟
  44              		.loc 1 21 5 view .LVU2
  45              	.LBB2:
  46              		.loc 1 21 5 view .LVU3
  47 0004 0024     		movs	r4, #0
  48 0006 0094     		str	r4, [sp]
  49              		.loc 1 21 5 view .LVU4
  50 0008 1D4B     		ldr	r3, .L3
  51 000a 1A6B     		ldr	r2, [r3, #48]
  52 000c 42F00102 		orr	r2, r2, #1
  53 0010 1A63     		str	r2, [r3, #48]
  54              		.loc 1 21 5 view .LVU5
  55 0012 1A6B     		ldr	r2, [r3, #48]
  56 0014 02F00102 		and	r2, r2, #1
  57 0018 0092     		str	r2, [sp]
  58              		.loc 1 21 5 view .LVU6
  59 001a 009A     		ldr	r2, [sp]
  60              	.LBE2:
  61              		.loc 1 21 5 view .LVU7
  22:./Hardware/KEY/key.c ****     __HAL_RCC_GPIOC_CLK_ENABLE();           //开启GPIOC时钟
  62              		.loc 1 22 5 view .LVU8
  63              	.LBB3:
  64              		.loc 1 22 5 view .LVU9
  65 001c 0194     		str	r4, [sp, #4]
  66              		.loc 1 22 5 view .LVU10
  67 001e 1A6B     		ldr	r2, [r3, #48]
  68 0020 42F00402 		orr	r2, r2, #4
  69 0024 1A63     		str	r2, [r3, #48]
  70              		.loc 1 22 5 view .LVU11
  71 0026 1A6B     		ldr	r2, [r3, #48]
  72 0028 02F00402 		and	r2, r2, #4
  73 002c 0192     		str	r2, [sp, #4]
  74              		.loc 1 22 5 view .LVU12
  75 002e 019A     		ldr	r2, [sp, #4]
  76              	.LBE3:
  77              		.loc 1 22 5 view .LVU13
  23:./Hardware/KEY/key.c ****     __HAL_RCC_GPIOH_CLK_ENABLE();           //开启GPIOH时钟
  78              		.loc 1 23 5 view .LVU14
  79              	.LBB4:
  80              		.loc 1 23 5 view .LVU15
  81 0030 0294     		str	r4, [sp, #8]
  82              		.loc 1 23 5 view .LVU16
  83 0032 1A6B     		ldr	r2, [r3, #48]
  84 0034 42F08002 		orr	r2, r2, #128
  85 0038 1A63     		str	r2, [r3, #48]
  86              		.loc 1 23 5 view .LVU17
  87 003a 1B6B     		ldr	r3, [r3, #48]
  88 003c 03F08003 		and	r3, r3, #128
  89 0040 0293     		str	r3, [sp, #8]
  90              		.loc 1 23 5 view .LVU18
  91 0042 029B     		ldr	r3, [sp, #8]
  92              	.LBE4:
ARM GAS  /tmp/cc7Jxybo.s 			page 3


  93              		.loc 1 23 5 view .LVU19
  24:./Hardware/KEY/key.c ****     
  25:./Hardware/KEY/key.c ****     GPIO_Initure.Pin=GPIO_PIN_0;            //PA0
  94              		.loc 1 25 5 view .LVU20
  95              		.loc 1 25 21 is_stmt 0 view .LVU21
  96 0044 0126     		movs	r6, #1
  97 0046 0396     		str	r6, [sp, #12]
  26:./Hardware/KEY/key.c ****     GPIO_Initure.Mode=GPIO_MODE_INPUT;      //输入
  98              		.loc 1 26 5 is_stmt 1 view .LVU22
  99              		.loc 1 26 22 is_stmt 0 view .LVU23
 100 0048 0494     		str	r4, [sp, #16]
  27:./Hardware/KEY/key.c ****     GPIO_Initure.Pull=GPIO_PULLDOWN;        //下拉
 101              		.loc 1 27 5 is_stmt 1 view .LVU24
 102              		.loc 1 27 22 is_stmt 0 view .LVU25
 103 004a 0223     		movs	r3, #2
 104 004c 0593     		str	r3, [sp, #20]
  28:./Hardware/KEY/key.c ****     GPIO_Initure.Speed=GPIO_SPEED_HIGH;     //高速
 105              		.loc 1 28 5 is_stmt 1 view .LVU26
 106              		.loc 1 28 23 is_stmt 0 view .LVU27
 107 004e 0325     		movs	r5, #3
 108 0050 0695     		str	r5, [sp, #24]
  29:./Hardware/KEY/key.c ****     HAL_GPIO_Init(GPIOA,&GPIO_Initure);
 109              		.loc 1 29 5 is_stmt 1 view .LVU28
 110 0052 03A9     		add	r1, sp, #12
 111 0054 0B48     		ldr	r0, .L3+4
 112 0056 FFF7FEFF 		bl	HAL_GPIO_Init
 113              	.LVL0:
  30:./Hardware/KEY/key.c ****     
  31:./Hardware/KEY/key.c ****     GPIO_Initure.Pin=GPIO_PIN_13;           //PC13
 114              		.loc 1 31 5 view .LVU29
 115              		.loc 1 31 21 is_stmt 0 view .LVU30
 116 005a 4FF40053 		mov	r3, #8192
 117 005e 0393     		str	r3, [sp, #12]
  32:./Hardware/KEY/key.c ****     GPIO_Initure.Mode=GPIO_MODE_INPUT;      //输入
 118              		.loc 1 32 5 is_stmt 1 view .LVU31
 119              		.loc 1 32 22 is_stmt 0 view .LVU32
 120 0060 0494     		str	r4, [sp, #16]
  33:./Hardware/KEY/key.c ****     GPIO_Initure.Pull=GPIO_PULLUP;          //上拉
 121              		.loc 1 33 5 is_stmt 1 view .LVU33
 122              		.loc 1 33 22 is_stmt 0 view .LVU34
 123 0062 0596     		str	r6, [sp, #20]
  34:./Hardware/KEY/key.c ****     GPIO_Initure.Speed=GPIO_SPEED_HIGH;     //高速
 124              		.loc 1 34 5 is_stmt 1 view .LVU35
 125              		.loc 1 34 23 is_stmt 0 view .LVU36
 126 0064 0695     		str	r5, [sp, #24]
  35:./Hardware/KEY/key.c ****     HAL_GPIO_Init(GPIOC,&GPIO_Initure);
 127              		.loc 1 35 5 is_stmt 1 view .LVU37
 128 0066 03A9     		add	r1, sp, #12
 129 0068 0748     		ldr	r0, .L3+8
 130 006a FFF7FEFF 		bl	HAL_GPIO_Init
 131              	.LVL1:
  36:./Hardware/KEY/key.c ****     
  37:./Hardware/KEY/key.c ****     GPIO_Initure.Pin=GPIO_PIN_2|GPIO_PIN_3; //PH2,3
 132              		.loc 1 37 5 view .LVU38
 133              		.loc 1 37 21 is_stmt 0 view .LVU39
 134 006e 0C23     		movs	r3, #12
 135 0070 0393     		str	r3, [sp, #12]
ARM GAS  /tmp/cc7Jxybo.s 			page 4


  38:./Hardware/KEY/key.c ****     HAL_GPIO_Init(GPIOH,&GPIO_Initure);
 136              		.loc 1 38 5 is_stmt 1 view .LVU40
 137 0072 0DEB0301 		add	r1, sp, r3
 138 0076 0548     		ldr	r0, .L3+12
 139 0078 FFF7FEFF 		bl	HAL_GPIO_Init
 140              	.LVL2:
  39:./Hardware/KEY/key.c **** }
 141              		.loc 1 39 1 is_stmt 0 view .LVU41
 142 007c 08B0     		add	sp, sp, #32
 143              	.LCFI2:
 144              		.cfi_def_cfa_offset 16
 145              		@ sp needed
 146 007e 70BD     		pop	{r4, r5, r6, pc}
 147              	.L4:
 148              		.align	2
 149              	.L3:
 150 0080 00380240 		.word	1073887232
 151 0084 00000240 		.word	1073872896
 152 0088 00080240 		.word	1073874944
 153 008c 001C0240 		.word	1073880064
 154              		.cfi_endproc
 155              	.LFE736:
 157              		.section	.text.KEY_Scan,"ax",%progbits
 158              		.align	1
 159              		.global	KEY_Scan
 160              		.syntax unified
 161              		.thumb
 162              		.thumb_func
 163              		.fpu fpv4-sp-d16
 165              	KEY_Scan:
 166              	.LVL3:
 167              	.LFB737:
  40:./Hardware/KEY/key.c **** 
  41:./Hardware/KEY/key.c **** //按键处理函数
  42:./Hardware/KEY/key.c **** //返回按键值
  43:./Hardware/KEY/key.c **** //mode:0,不支持连续按;1,支持连续按;
  44:./Hardware/KEY/key.c **** //0，没有任何按键按下
  45:./Hardware/KEY/key.c **** //1，WKUP按下 WK_UP
  46:./Hardware/KEY/key.c **** //注意此函数有响应优先级,KEY0>KEY1>KEY2>WK_UP!!
  47:./Hardware/KEY/key.c **** uint8_t KEY_Scan(uint8_t mode)
  48:./Hardware/KEY/key.c **** {
 168              		.loc 1 48 1 is_stmt 1 view -0
 169              		.cfi_startproc
 170              		@ args = 0, pretend = 0, frame = 0
 171              		@ frame_needed = 0, uses_anonymous_args = 0
 172              		.loc 1 48 1 is_stmt 0 view .LVU43
 173 0000 08B5     		push	{r3, lr}
 174              	.LCFI3:
 175              		.cfi_def_cfa_offset 8
 176              		.cfi_offset 3, -8
 177              		.cfi_offset 14, -4
  49:./Hardware/KEY/key.c ****     static uint8_t key_up=1;     //按键松开标志
 178              		.loc 1 49 5 is_stmt 1 view .LVU44
  50:./Hardware/KEY/key.c ****     if(mode==1)key_up=1;    //支持连按
 179              		.loc 1 50 5 view .LVU45
 180              		.loc 1 50 7 is_stmt 0 view .LVU46
 181 0002 0128     		cmp	r0, #1
ARM GAS  /tmp/cc7Jxybo.s 			page 5


 182 0004 19D0     		beq	.L19
 183              	.L6:
  51:./Hardware/KEY/key.c ****     if(key_up&&(KEY0==0||KEY1==0||KEY2==0||WK_UP==1))
 184              		.loc 1 51 5 is_stmt 1 view .LVU47
 185              		.loc 1 51 8 is_stmt 0 view .LVU48
 186 0006 344B     		ldr	r3, .L25
 187 0008 1B78     		ldrb	r3, [r3]	@ zero_extendqisi2
 188              		.loc 1 51 7 view .LVU49
 189 000a 3BB3     		cbz	r3, .L7
 190              		.loc 1 51 17 discriminator 1 view .LVU50
 191 000c 0821     		movs	r1, #8
 192 000e 3348     		ldr	r0, .L25+4
 193              	.LVL4:
 194              		.loc 1 51 17 discriminator 1 view .LVU51
 195 0010 FFF7FEFF 		bl	HAL_GPIO_ReadPin
 196              	.LVL5:
 197              		.loc 1 51 14 discriminator 1 view .LVU52
 198 0014 20B1     		cbz	r0, .L8
 199              		.loc 1 51 26 discriminator 2 view .LVU53
 200 0016 0421     		movs	r1, #4
 201 0018 3048     		ldr	r0, .L25+4
 202 001a FFF7FEFF 		bl	HAL_GPIO_ReadPin
 203              	.LVL6:
 204              		.loc 1 51 24 discriminator 2 view .LVU54
 205 001e 80B9     		cbnz	r0, .L20
 206              	.L8:
  52:./Hardware/KEY/key.c ****     {
  53:./Hardware/KEY/key.c ****         HAL_Delay(30);
 207              		.loc 1 53 9 is_stmt 1 view .LVU55
 208 0020 1E20     		movs	r0, #30
 209 0022 FFF7FEFF 		bl	HAL_Delay
 210              	.LVL7:
  54:./Hardware/KEY/key.c ****         key_up=0;
 211              		.loc 1 54 9 view .LVU56
 212              		.loc 1 54 15 is_stmt 0 view .LVU57
 213 0026 2C4B     		ldr	r3, .L25
 214 0028 0022     		movs	r2, #0
 215 002a 1A70     		strb	r2, [r3]
  55:./Hardware/KEY/key.c ****         if(KEY0==0)       return KEY0_PRES;
 216              		.loc 1 55 9 is_stmt 1 view .LVU58
 217              		.loc 1 55 12 is_stmt 0 view .LVU59
 218 002c 0821     		movs	r1, #8
 219 002e 2B48     		ldr	r0, .L25+4
 220 0030 FFF7FEFF 		bl	HAL_GPIO_ReadPin
 221              	.LVL8:
 222              		.loc 1 55 11 view .LVU60
 223 0034 D0B9     		cbnz	r0, .L21
 224              		.loc 1 55 34 view .LVU61
 225 0036 0120     		movs	r0, #1
 226 0038 17E0     		b	.L9
 227              	.LVL9:
 228              	.L19:
  50:./Hardware/KEY/key.c ****     if(key_up&&(KEY0==0||KEY1==0||KEY2==0||WK_UP==1))
 229              		.loc 1 50 16 is_stmt 1 discriminator 1 view .LVU62
  50:./Hardware/KEY/key.c ****     if(key_up&&(KEY0==0||KEY1==0||KEY2==0||WK_UP==1))
 230              		.loc 1 50 22 is_stmt 0 discriminator 1 view .LVU63
 231 003a 274B     		ldr	r3, .L25
ARM GAS  /tmp/cc7Jxybo.s 			page 6


 232 003c 0122     		movs	r2, #1
 233 003e 1A70     		strb	r2, [r3]
 234 0040 E1E7     		b	.L6
 235              	.LVL10:
 236              	.L20:
  51:./Hardware/KEY/key.c ****     {
 237              		.loc 1 51 35 discriminator 3 view .LVU64
 238 0042 4FF40051 		mov	r1, #8192
 239 0046 2648     		ldr	r0, .L25+8
 240 0048 FFF7FEFF 		bl	HAL_GPIO_ReadPin
 241              	.LVL11:
  51:./Hardware/KEY/key.c ****     {
 242              		.loc 1 51 33 discriminator 3 view .LVU65
 243 004c 0028     		cmp	r0, #0
 244 004e E7D0     		beq	.L8
  51:./Hardware/KEY/key.c ****     {
 245              		.loc 1 51 44 discriminator 4 view .LVU66
 246 0050 0121     		movs	r1, #1
 247 0052 2448     		ldr	r0, .L25+12
 248 0054 FFF7FEFF 		bl	HAL_GPIO_ReadPin
 249              	.LVL12:
  51:./Hardware/KEY/key.c ****     {
 250              		.loc 1 51 42 discriminator 4 view .LVU67
 251 0058 0128     		cmp	r0, #1
 252 005a E1D0     		beq	.L8
 253              	.L7:
  56:./Hardware/KEY/key.c ****         else if(KEY1==0)  return KEY1_PRES;
  57:./Hardware/KEY/key.c ****         else if(KEY2==0)  return KEY2_PRES;
  58:./Hardware/KEY/key.c ****         else if(WK_UP==1) return WKUP_PRES;          
  59:./Hardware/KEY/key.c ****     }else if(KEY0==1&&KEY1==1&&KEY2==1&&WK_UP==0)key_up=1;
 254              		.loc 1 59 11 is_stmt 1 view .LVU68
 255              		.loc 1 59 14 is_stmt 0 view .LVU69
 256 005c 0821     		movs	r1, #8
 257 005e 1F48     		ldr	r0, .L25+4
 258 0060 FFF7FEFF 		bl	HAL_GPIO_ReadPin
 259              	.LVL13:
 260              		.loc 1 59 13 view .LVU70
 261 0064 0128     		cmp	r0, #1
 262 0066 14D0     		beq	.L22
  60:./Hardware/KEY/key.c ****     return 0;   //无按键按下
 263              		.loc 1 60 12 view .LVU71
 264 0068 0020     		movs	r0, #0
 265              	.L9:
  61:./Hardware/KEY/key.c **** }
 266              		.loc 1 61 1 view .LVU72
 267 006a 08BD     		pop	{r3, pc}
 268              	.L21:
  56:./Hardware/KEY/key.c ****         else if(KEY1==0)  return KEY1_PRES;
 269              		.loc 1 56 14 is_stmt 1 view .LVU73
  56:./Hardware/KEY/key.c ****         else if(KEY1==0)  return KEY1_PRES;
 270              		.loc 1 56 17 is_stmt 0 view .LVU74
 271 006c 0421     		movs	r1, #4
 272 006e 1B48     		ldr	r0, .L25+4
 273 0070 FFF7FEFF 		bl	HAL_GPIO_ReadPin
 274              	.LVL14:
  56:./Hardware/KEY/key.c ****         else if(KEY1==0)  return KEY1_PRES;
 275              		.loc 1 56 16 view .LVU75
ARM GAS  /tmp/cc7Jxybo.s 			page 7


 276 0074 38B3     		cbz	r0, .L11
  57:./Hardware/KEY/key.c ****         else if(WK_UP==1) return WKUP_PRES;          
 277              		.loc 1 57 14 is_stmt 1 view .LVU76
  57:./Hardware/KEY/key.c ****         else if(WK_UP==1) return WKUP_PRES;          
 278              		.loc 1 57 17 is_stmt 0 view .LVU77
 279 0076 4FF40051 		mov	r1, #8192
 280 007a 1948     		ldr	r0, .L25+8
 281 007c FFF7FEFF 		bl	HAL_GPIO_ReadPin
 282              	.LVL15:
  57:./Hardware/KEY/key.c ****         else if(WK_UP==1) return WKUP_PRES;          
 283              		.loc 1 57 16 view .LVU78
 284 0080 18B3     		cbz	r0, .L12
  58:./Hardware/KEY/key.c ****     }else if(KEY0==1&&KEY1==1&&KEY2==1&&WK_UP==0)key_up=1;
 285              		.loc 1 58 14 is_stmt 1 view .LVU79
  58:./Hardware/KEY/key.c ****     }else if(KEY0==1&&KEY1==1&&KEY2==1&&WK_UP==0)key_up=1;
 286              		.loc 1 58 17 is_stmt 0 view .LVU80
 287 0082 0121     		movs	r1, #1
 288 0084 1748     		ldr	r0, .L25+12
 289 0086 FFF7FEFF 		bl	HAL_GPIO_ReadPin
 290              	.LVL16:
  58:./Hardware/KEY/key.c ****     }else if(KEY0==1&&KEY1==1&&KEY2==1&&WK_UP==0)key_up=1;
 291              		.loc 1 58 16 view .LVU81
 292 008a 0128     		cmp	r0, #1
 293 008c 1FD0     		beq	.L13
  60:./Hardware/KEY/key.c **** }
 294              		.loc 1 60 12 view .LVU82
 295 008e 0020     		movs	r0, #0
 296 0090 EBE7     		b	.L9
 297              	.L22:
  59:./Hardware/KEY/key.c ****     return 0;   //无按键按下
 298              		.loc 1 59 23 discriminator 1 view .LVU83
 299 0092 0421     		movs	r1, #4
 300 0094 1148     		ldr	r0, .L25+4
 301 0096 FFF7FEFF 		bl	HAL_GPIO_ReadPin
 302              	.LVL17:
  59:./Hardware/KEY/key.c ****     return 0;   //无按键按下
 303              		.loc 1 59 21 discriminator 1 view .LVU84
 304 009a 0128     		cmp	r0, #1
 305 009c 01D0     		beq	.L23
  60:./Hardware/KEY/key.c **** }
 306              		.loc 1 60 12 view .LVU85
 307 009e 0020     		movs	r0, #0
 308 00a0 E3E7     		b	.L9
 309              	.L23:
  59:./Hardware/KEY/key.c ****     return 0;   //无按键按下
 310              		.loc 1 59 32 discriminator 2 view .LVU86
 311 00a2 4FF40051 		mov	r1, #8192
 312 00a6 0E48     		ldr	r0, .L25+8
 313 00a8 FFF7FEFF 		bl	HAL_GPIO_ReadPin
 314              	.LVL18:
  59:./Hardware/KEY/key.c ****     return 0;   //无按键按下
 315              		.loc 1 59 30 discriminator 2 view .LVU87
 316 00ac 0128     		cmp	r0, #1
 317 00ae 01D0     		beq	.L24
  60:./Hardware/KEY/key.c **** }
 318              		.loc 1 60 12 view .LVU88
 319 00b0 0020     		movs	r0, #0
ARM GAS  /tmp/cc7Jxybo.s 			page 8


 320 00b2 DAE7     		b	.L9
 321              	.L24:
  59:./Hardware/KEY/key.c ****     return 0;   //无按键按下
 322              		.loc 1 59 41 discriminator 3 view .LVU89
 323 00b4 0121     		movs	r1, #1
 324 00b6 0B48     		ldr	r0, .L25+12
 325 00b8 FFF7FEFF 		bl	HAL_GPIO_ReadPin
 326              	.LVL19:
  59:./Hardware/KEY/key.c ****     return 0;   //无按键按下
 327              		.loc 1 59 39 discriminator 3 view .LVU90
 328 00bc 48B9     		cbnz	r0, .L17
  59:./Hardware/KEY/key.c ****     return 0;   //无按键按下
 329              		.loc 1 59 50 is_stmt 1 discriminator 4 view .LVU91
  59:./Hardware/KEY/key.c ****     return 0;   //无按键按下
 330              		.loc 1 59 56 is_stmt 0 discriminator 4 view .LVU92
 331 00be 064B     		ldr	r3, .L25
 332 00c0 0122     		movs	r2, #1
 333 00c2 1A70     		strb	r2, [r3]
 334 00c4 D1E7     		b	.L9
 335              	.L11:
  56:./Hardware/KEY/key.c ****         else if(KEY2==0)  return KEY2_PRES;
 336              		.loc 1 56 34 view .LVU93
 337 00c6 0220     		movs	r0, #2
 338 00c8 CFE7     		b	.L9
 339              	.L12:
  57:./Hardware/KEY/key.c ****         else if(WK_UP==1) return WKUP_PRES;          
 340              		.loc 1 57 34 view .LVU94
 341 00ca 0320     		movs	r0, #3
 342 00cc CDE7     		b	.L9
 343              	.L13:
  58:./Hardware/KEY/key.c ****     }else if(KEY0==1&&KEY1==1&&KEY2==1&&WK_UP==0)key_up=1;
 344              		.loc 1 58 34 view .LVU95
 345 00ce 0420     		movs	r0, #4
 346 00d0 CBE7     		b	.L9
 347              	.L17:
  60:./Hardware/KEY/key.c **** }
 348              		.loc 1 60 12 view .LVU96
 349 00d2 0020     		movs	r0, #0
 350 00d4 C9E7     		b	.L9
 351              	.L26:
 352 00d6 00BF     		.align	2
 353              	.L25:
 354 00d8 00000000 		.word	.LANCHOR0
 355 00dc 001C0240 		.word	1073880064
 356 00e0 00080240 		.word	1073874944
 357 00e4 00000240 		.word	1073872896
 358              		.cfi_endproc
 359              	.LFE737:
 361              		.section	.data.key_up.0,"aw"
 362              		.set	.LANCHOR0,. + 0
 365              	key_up.0:
 366 0000 01       		.byte	1
 367              		.text
 368              	.Letext0:
 369              		.file 2 "/home/hao/Documents/gcc-arm-none-eabi/arm-none-eabi/include/machine/_default_types.h"
 370              		.file 3 "/home/hao/Documents/gcc-arm-none-eabi/arm-none-eabi/include/sys/_stdint.h"
 371              		.file 4 "Drivers/CMSIS/Device/ST/STM32F4xx/Include/stm32f429xx.h"
ARM GAS  /tmp/cc7Jxybo.s 			page 9


 372              		.file 5 "Drivers/STM32F4xx_HAL_Driver/Inc/stm32f4xx_hal_gpio.h"
 373              		.file 6 "Drivers/STM32F4xx_HAL_Driver/Inc/stm32f4xx_ll_rcc.h"
 374              		.file 7 "Drivers/STM32F4xx_HAL_Driver/Inc/stm32f4xx_ll_dma.h"
 375              		.file 8 "Drivers/STM32F4xx_HAL_Driver/Inc/stm32f4xx_hal.h"
ARM GAS  /tmp/cc7Jxybo.s 			page 10


DEFINED SYMBOLS
                            *ABS*:0000000000000000 key.c
     /tmp/cc7Jxybo.s:18     .text.KEY_Init:0000000000000000 $t
     /tmp/cc7Jxybo.s:26     .text.KEY_Init:0000000000000000 KEY_Init
     /tmp/cc7Jxybo.s:150    .text.KEY_Init:0000000000000080 $d
     /tmp/cc7Jxybo.s:158    .text.KEY_Scan:0000000000000000 $t
     /tmp/cc7Jxybo.s:165    .text.KEY_Scan:0000000000000000 KEY_Scan
     /tmp/cc7Jxybo.s:354    .text.KEY_Scan:00000000000000d8 $d
     /tmp/cc7Jxybo.s:365    .data.key_up.0:0000000000000000 key_up.0

UNDEFINED SYMBOLS
HAL_GPIO_Init
HAL_GPIO_ReadPin
HAL_Delay
