ARM GAS  /tmp/cc8js16n.s 			page 1


   1              		.cpu cortex-m3
   2              		.eabi_attribute 20, 1
   3              		.eabi_attribute 21, 1
   4              		.eabi_attribute 23, 3
   5              		.eabi_attribute 24, 1
   6              		.eabi_attribute 25, 1
   7              		.eabi_attribute 26, 1
   8              		.eabi_attribute 30, 1
   9              		.eabi_attribute 34, 1
  10              		.eabi_attribute 18, 4
  11              		.file	"bsp_key.c"
  12              		.text
  13              	.Ltext0:
  14              		.cfi_sections	.debug_frame
  15              		.section	.text.Key_GPIO_Config,"ax",%progbits
  16              		.align	1
  17              		.global	Key_GPIO_Config
  18              		.arch armv7-m
  19              		.syntax unified
  20              		.thumb
  21              		.thumb_func
  22              		.fpu softvfp
  24              	Key_GPIO_Config:
  25              	.LFB29:
  26              		.file 1 "./Hardware/Key/bsp_key.c"
   1:./Hardware/Key/bsp_key.c **** /**
   2:./Hardware/Key/bsp_key.c ****  * @brief                   bsp_key.c
   3:./Hardware/Key/bsp_key.c ****  * @Date:                   2022.3.19
   4:./Hardware/Key/bsp_key.c ****  * @Revision:               V1.0
   5:./Hardware/Key/bsp_key.c ****  * @Writer:                 点灯大师
   6:./Hardware/Key/bsp_key.c ****  * @Affiliated unit：       黄河科技学院
   7:./Hardware/Key/bsp_key.c ****  * @Email:                  im_leihao@163.com
   8:./Hardware/Key/bsp_key.c ****  * @gitee:                  https://gitee.com/zleihao/st_stm32_drive.git
   9:./Hardware/Key/bsp_key.c ****  * @note:                   参考野火例程
  10:./Hardware/Key/bsp_key.c ****  */
  11:./Hardware/Key/bsp_key.c ****   
  12:./Hardware/Key/bsp_key.c **** #include "bsp_key.h"  
  13:./Hardware/Key/bsp_key.c **** 
  14:./Hardware/Key/bsp_key.c **** /**
  15:./Hardware/Key/bsp_key.c ****   * @brief  Key_GPIO_Config 
  16:./Hardware/Key/bsp_key.c ****   * @param  无
  17:./Hardware/Key/bsp_key.c ****   * @return 无
  18:./Hardware/Key/bsp_key.c **** 	* @note   配置按键用到的I/O口
  19:./Hardware/Key/bsp_key.c ****   */
  20:./Hardware/Key/bsp_key.c **** void Key_GPIO_Config(void)
  21:./Hardware/Key/bsp_key.c **** {
  27              		.loc 1 21 1 view -0
  28              		.cfi_startproc
  29              		@ args = 0, pretend = 0, frame = 8
  30              		@ frame_needed = 0, uses_anonymous_args = 0
  31 0000 10B5     		push	{r4, lr}
  32              	.LCFI0:
  33              		.cfi_def_cfa_offset 8
  34              		.cfi_offset 4, -8
  35              		.cfi_offset 14, -4
  36 0002 82B0     		sub	sp, sp, #8
  37              	.LCFI1:
ARM GAS  /tmp/cc8js16n.s 			page 2


  38              		.cfi_def_cfa_offset 16
  22:./Hardware/Key/bsp_key.c **** 	GPIO_InitTypeDef GPIO_InitStructure;
  39              		.loc 1 22 2 view .LVU1
  23:./Hardware/Key/bsp_key.c **** 	
  24:./Hardware/Key/bsp_key.c **** 	/*开启按键端口的时钟*/
  25:./Hardware/Key/bsp_key.c **** 	RCC_APB2PeriphClockCmd(KEY1_GPIO_CLK|KEY2_GPIO_CLK,ENABLE);
  40              		.loc 1 25 2 view .LVU2
  41 0004 0121     		movs	r1, #1
  42 0006 1420     		movs	r0, #20
  43 0008 FFF7FEFF 		bl	RCC_APB2PeriphClockCmd
  44              	.LVL0:
  26:./Hardware/Key/bsp_key.c **** 	
  27:./Hardware/Key/bsp_key.c **** 	//选择按键的引脚
  28:./Hardware/Key/bsp_key.c **** 	GPIO_InitStructure.GPIO_Pin = KEY1_GPIO_PIN; 
  45              		.loc 1 28 2 view .LVU3
  46              		.loc 1 28 30 is_stmt 0 view .LVU4
  47 000c 0123     		movs	r3, #1
  48 000e ADF80430 		strh	r3, [sp, #4]	@ movhi
  29:./Hardware/Key/bsp_key.c **** 	// 设置按键的引脚为浮空输入
  30:./Hardware/Key/bsp_key.c **** 	GPIO_InitStructure.GPIO_Mode = GPIO_Mode_IN_FLOATING; 
  49              		.loc 1 30 2 is_stmt 1 view .LVU5
  50              		.loc 1 30 31 is_stmt 0 view .LVU6
  51 0012 0424     		movs	r4, #4
  52 0014 8DF80740 		strb	r4, [sp, #7]
  31:./Hardware/Key/bsp_key.c **** 	//使用结构体初始化按键
  32:./Hardware/Key/bsp_key.c **** 	GPIO_Init(KEY1_GPIO_PORT, &GPIO_InitStructure);
  53              		.loc 1 32 2 is_stmt 1 view .LVU7
  54 0018 0DEB0401 		add	r1, sp, r4
  55 001c 0748     		ldr	r0, .L3
  56 001e FFF7FEFF 		bl	GPIO_Init
  57              	.LVL1:
  33:./Hardware/Key/bsp_key.c **** 	
  34:./Hardware/Key/bsp_key.c **** 	//选择按键的引脚
  35:./Hardware/Key/bsp_key.c **** 	GPIO_InitStructure.GPIO_Pin = KEY2_GPIO_PIN; 
  58              		.loc 1 35 2 view .LVU8
  59              		.loc 1 35 30 is_stmt 0 view .LVU9
  60 0022 4FF40053 		mov	r3, #8192
  61 0026 ADF80430 		strh	r3, [sp, #4]	@ movhi
  36:./Hardware/Key/bsp_key.c **** 	//设置按键的引脚为浮空输入
  37:./Hardware/Key/bsp_key.c **** 	GPIO_InitStructure.GPIO_Mode = GPIO_Mode_IN_FLOATING; 
  62              		.loc 1 37 2 is_stmt 1 view .LVU10
  63              		.loc 1 37 31 is_stmt 0 view .LVU11
  64 002a 8DF80740 		strb	r4, [sp, #7]
  38:./Hardware/Key/bsp_key.c **** 	//使用结构体初始化按键
  39:./Hardware/Key/bsp_key.c **** 	GPIO_Init(KEY2_GPIO_PORT, &GPIO_InitStructure);	
  65              		.loc 1 39 2 is_stmt 1 view .LVU12
  66 002e 0DEB0401 		add	r1, sp, r4
  67 0032 0348     		ldr	r0, .L3+4
  68 0034 FFF7FEFF 		bl	GPIO_Init
  69              	.LVL2:
  40:./Hardware/Key/bsp_key.c **** }
  70              		.loc 1 40 1 is_stmt 0 view .LVU13
  71 0038 02B0     		add	sp, sp, #8
  72              	.LCFI2:
  73              		.cfi_def_cfa_offset 8
  74              		@ sp needed
  75 003a 10BD     		pop	{r4, pc}
ARM GAS  /tmp/cc8js16n.s 			page 3


  76              	.L4:
  77              		.align	2
  78              	.L3:
  79 003c 00080140 		.word	1073809408
  80 0040 00100140 		.word	1073811456
  81              		.cfi_endproc
  82              	.LFE29:
  84              		.section	.text.Key_Scan,"ax",%progbits
  85              		.align	1
  86              		.global	Key_Scan
  87              		.syntax unified
  88              		.thumb
  89              		.thumb_func
  90              		.fpu softvfp
  92              	Key_Scan:
  93              	.LVL3:
  94              	.LFB30:
  41:./Hardware/Key/bsp_key.c **** 
  42:./Hardware/Key/bsp_key.c **** /**
  43:./Hardware/Key/bsp_key.c ****  * @brief    Key_Scan
  44:./Hardware/Key/bsp_key.c ****  * @param    GPIOx：x 可以是 A，B，C，D或者 E
  45:./Hardware/Key/bsp_key.c ****    		       GPIO_Pin：待读取的端口位 	
  46:./Hardware/Key/bsp_key.c ****  * @return   KEY_OFF(没按下按键)、KEY_ON（按下按键）
  47:./Hardware/Key/bsp_key.c ****  * @note     检测是否有按键按下
  48:./Hardware/Key/bsp_key.c ****  */
  49:./Hardware/Key/bsp_key.c **** uint8_t Key_Scan(GPIO_TypeDef* GPIOx,uint16_t GPIO_Pin)
  50:./Hardware/Key/bsp_key.c **** {			
  95              		.loc 1 50 1 is_stmt 1 view -0
  96              		.cfi_startproc
  97              		@ args = 0, pretend = 0, frame = 0
  98              		@ frame_needed = 0, uses_anonymous_args = 0
  99              		.loc 1 50 1 is_stmt 0 view .LVU15
 100 0000 70B5     		push	{r4, r5, r6, lr}
 101              	.LCFI3:
 102              		.cfi_def_cfa_offset 16
 103              		.cfi_offset 4, -16
 104              		.cfi_offset 5, -12
 105              		.cfi_offset 6, -8
 106              		.cfi_offset 14, -4
 107 0002 0546     		mov	r5, r0
 108 0004 0C46     		mov	r4, r1
  51:./Hardware/Key/bsp_key.c **** 	/*检测是否有按键按下 */
  52:./Hardware/Key/bsp_key.c **** 	if(GPIO_ReadInputDataBit(GPIOx,GPIO_Pin) == KEY_ON )  
 109              		.loc 1 52 2 is_stmt 1 view .LVU16
 110              		.loc 1 52 5 is_stmt 0 view .LVU17
 111 0006 FFF7FEFF 		bl	GPIO_ReadInputDataBit
 112              	.LVL4:
 113              		.loc 1 52 5 view .LVU18
 114 000a 0646     		mov	r6, r0
 115              		.loc 1 52 4 view .LVU19
 116 000c 0128     		cmp	r0, #1
 117 000e 02D0     		beq	.L7
  53:./Hardware/Key/bsp_key.c **** 	{	 
  54:./Hardware/Key/bsp_key.c **** 		/*等待按键释放 */
  55:./Hardware/Key/bsp_key.c **** 		while(GPIO_ReadInputDataBit(GPIOx,GPIO_Pin) == KEY_ON);   
  56:./Hardware/Key/bsp_key.c **** 		return 	KEY_ON;	 
  57:./Hardware/Key/bsp_key.c **** 	}
ARM GAS  /tmp/cc8js16n.s 			page 4


  58:./Hardware/Key/bsp_key.c **** 	else
  59:./Hardware/Key/bsp_key.c **** 		return KEY_OFF;
 118              		.loc 1 59 10 view .LVU20
 119 0010 0026     		movs	r6, #0
 120              	.L6:
  60:./Hardware/Key/bsp_key.c **** }
 121              		.loc 1 60 1 view .LVU21
 122 0012 3046     		mov	r0, r6
 123 0014 70BD     		pop	{r4, r5, r6, pc}
 124              	.LVL5:
 125              	.L7:
  55:./Hardware/Key/bsp_key.c **** 		return 	KEY_ON;	 
 126              		.loc 1 55 57 is_stmt 1 discriminator 1 view .LVU22
  55:./Hardware/Key/bsp_key.c **** 		return 	KEY_ON;	 
 127              		.loc 1 55 8 discriminator 1 view .LVU23
  55:./Hardware/Key/bsp_key.c **** 		return 	KEY_ON;	 
 128              		.loc 1 55 9 is_stmt 0 discriminator 1 view .LVU24
 129 0016 2146     		mov	r1, r4
 130 0018 2846     		mov	r0, r5
 131 001a FFF7FEFF 		bl	GPIO_ReadInputDataBit
 132              	.LVL6:
  55:./Hardware/Key/bsp_key.c **** 		return 	KEY_ON;	 
 133              		.loc 1 55 8 discriminator 1 view .LVU25
 134 001e 0128     		cmp	r0, #1
 135 0020 F9D0     		beq	.L7
 136 0022 F6E7     		b	.L6
 137              		.cfi_endproc
 138              	.LFE30:
 140              		.text
 141              	.Letext0:
 142              		.file 2 "/home/hao/Documents/gcc-arm-none-eabi/arm-none-eabi/include/machine/_default_types.h"
 143              		.file 3 "/home/hao/Documents/gcc-arm-none-eabi/arm-none-eabi/include/sys/_stdint.h"
 144              		.file 4 "./Libraries/CMSIS/stm32f10x.h"
 145              		.file 5 "./Libraries/STM32F10x_StdPeriph_Driver/inc/stm32f10x_gpio.h"
 146              		.file 6 "./Libraries/STM32F10x_StdPeriph_Driver/inc/stm32f10x_rcc.h"
ARM GAS  /tmp/cc8js16n.s 			page 5


DEFINED SYMBOLS
                            *ABS*:0000000000000000 bsp_key.c
     /tmp/cc8js16n.s:16     .text.Key_GPIO_Config:0000000000000000 $t
     /tmp/cc8js16n.s:24     .text.Key_GPIO_Config:0000000000000000 Key_GPIO_Config
     /tmp/cc8js16n.s:79     .text.Key_GPIO_Config:000000000000003c $d
     /tmp/cc8js16n.s:85     .text.Key_Scan:0000000000000000 $t
     /tmp/cc8js16n.s:92     .text.Key_Scan:0000000000000000 Key_Scan

UNDEFINED SYMBOLS
RCC_APB2PeriphClockCmd
GPIO_Init
GPIO_ReadInputDataBit
